2023-09-06 09:56:09.595 [info] Extension host with pid 21582 started
2023-09-06 09:56:09.912 [info] ExtensionService#_doActivateExtension vscode.git-base, startup: true, activationEvent: '*', root cause: vscode.git
2023-09-06 09:56:09.943 [info] ExtensionService#_doActivateExtension vscode.git, startup: true, activationEvent: '*'
2023-09-06 09:56:10.056 [info] ExtensionService#_doActivateExtension vscode.github, startup: true, activationEvent: '*'
2023-09-06 09:56:10.577 [info] Eager extensions activated
2023-09-06 09:56:10.967 [info] ExtensionService#_doActivateExtension vscode.debug-auto-launch, startup: false, activationEvent: 'onStartupFinished'
2023-09-06 09:56:10.977 [info] ExtensionService#_doActivateExtension vscode.merge-conflict, startup: false, activationEvent: 'onStartupFinished'
2023-09-06 09:56:11.030 [info] ExtensionService#_doActivateExtension PKief.material-icon-theme, startup: false, activationEvent: 'onStartupFinished'
2023-09-06 09:56:22.585 [info] ExtensionService#_doActivateExtension vscode.emmet, startup: false, activationEvent: 'onLanguage'
2023-09-06 09:58:04.510 [info] ExtensionService#_doActivateExtension vscode.json-language-features, startup: false, activationEvent: 'onLanguage:jsonc'
2023-09-06 09:58:04.568 [info] ExtensionService#_doActivateExtension vscode.typescript-language-features, startup: false, activationEvent: 'onLanguage:jsonc'
2023-09-06 09:58:26.403 [info] Extension host terminating: renderer closed the MessagePort
2023-09-06 09:58:26.467 [info] Extension host with pid 21582 exiting with code 0
2023-09-06 09:58:31.431 [info] Extension host with pid 21771 started
2023-09-06 09:58:31.431 [info] Skipping acquiring lock for /home/Gabriel/.config/VSCodium/User/workspaceStorage/aba15e5da6d810cbf9e7049046ed2b7c.
2023-09-06 09:58:31.682 [info] ExtensionService#_doActivateExtension vscode.git-base, startup: true, activationEvent: '*'
2023-09-06 09:58:31.834 [info] ExtensionService#_doActivateExtension vscode.github, startup: true, activationEvent: '*'
2023-09-06 09:58:31.885 [info] Eager extensions activated
2023-09-06 09:58:31.893 [info] ExtensionService#_doActivateExtension vscode.debug-auto-launch, startup: false, activationEvent: 'onStartupFinished'
2023-09-06 09:58:31.900 [info] ExtensionService#_doActivateExtension vscode.merge-conflict, startup: false, activationEvent: 'onStartupFinished'
2023-09-06 09:58:31.925 [info] ExtensionService#_doActivateExtension PKief.material-icon-theme, startup: false, activationEvent: 'onStartupFinished'
2023-09-06 09:58:39.815 [info] ExtensionService#_doActivateExtension vscode.html-language-features, startup: false, activationEvent: 'onLanguage:html'
2023-09-06 09:58:40.268 [info] ExtensionService#_doActivateExtension vscode.emmet, startup: false, activationEvent: 'onLanguage'
2023-09-06 09:59:57.567 [info] Extension host terminating: renderer closed the MessagePort
2023-09-06 09:59:57.599 [info] Extension host with pid 21771 exiting with code 0
