2023-09-06 09:56:07.107 [info] Added views:workbench.panel.markers.view in workbench.panel.markers
2023-09-06 09:56:07.107 [info] Added views:workbench.panel.output in workbench.panel.output
2023-09-06 09:56:07.107 [info] Added views:terminal in terminal
2023-09-06 09:56:07.107 [info] Added views:outline in workbench.view.explorer
2023-09-06 09:56:07.107 [info] Added views:workbench.scm in workbench.view.scm
2023-09-06 09:56:07.107 [info] Added views:workbench.view.search in workbench.view.search
2023-09-06 09:56:07.107 [info] Added views:timeline in workbench.view.explorer
2023-09-06 09:56:07.107 [info] Added views:workbench.explorer.emptyView in workbench.view.explorer
2023-09-06 09:56:09.687 [info] Added views:workbench.debug.welcome in workbench.view.debug
2023-09-06 09:56:09.971 [info] Added views:workbench.panel.repl.view in workbench.panel.repl
2023-09-06 09:56:22.276 [info] Added views:workbench.views.extensions.installed,workbench.views.extensions.popular,extensions.recommendedList in workbench.view.extensions
2023-09-06 09:56:22.280 [info] Removed views:workbench.views.extensions.popular from workbench.view.extensions
2023-09-06 09:56:23.058 [info] Removed views:extensions.recommendedList,workbench.views.extensions.installed from workbench.view.extensions
2023-09-06 09:56:23.157 [info] Added views:workbench.views.extensions.marketplace in workbench.view.extensions
2023-09-06 09:58:28.939 [info] Added views:workbench.panel.markers.view in workbench.panel.markers
2023-09-06 09:58:28.963 [info] Added views:workbench.panel.output in workbench.panel.output
2023-09-06 09:58:28.963 [info] Added views:terminal in terminal
2023-09-06 09:58:28.963 [info] Added views:outline in workbench.view.explorer
2023-09-06 09:58:28.963 [info] Added views:workbench.scm in workbench.view.scm
2023-09-06 09:58:28.963 [info] Added views:workbench.view.search in workbench.view.search
2023-09-06 09:58:28.963 [info] Added views:timeline in workbench.view.explorer
2023-09-06 09:58:28.963 [info] Added views:workbench.explorer.fileView in workbench.view.explorer
2023-09-06 09:58:31.511 [info] Added views:workbench.debug.variablesView,workbench.debug.watchExpressionsView,workbench.debug.callStackView,workbench.debug.breakPointsView in workbench.view.debug
2023-09-06 09:58:31.674 [info] Added views:workbench.panel.repl.view in workbench.panel.repl
2023-09-06 09:58:31.680 [info] Removed views:workbench.debug.breakPointsView,workbench.debug.callStackView,workbench.debug.watchExpressionsView,workbench.debug.variablesView from workbench.view.debug
2023-09-06 09:58:31.682 [info] Added views:workbench.debug.welcome in workbench.view.debug
